# JRE version: OpenJDK Runtime Environment Temurin-21.0.6+7 (21.0.6+7) (build 21.0.6+7-LTS)
# Java VM: OpenJDK 64-Bit Server VM Temurin-21.0.6+7 (21.0.6+7-LTS, mixed mode, sharing, tiered, compressed oops, compressed class ptrs, parallel gc, windows-amd64)
GC Precious Log:
 CardTable entry size: 512
 CPUs: 20 total, 20 available
 Memory: 16076M
 Large Page Support: Disabled
 NUMA Support: Disabled
 Compressed Oops: Enabled (32-bit)
 Alignments: Space 512K, Generation 512K, Heap 2M
 Heap Min Capacity: 100M
 Heap Initial Capacity: 100M
 Heap Max Capacity: 1G
 Pre-touch: Disabled
 Parallel Workers: 15
Heap:
 PSYoungGen      total 39936K, used 4680K [0x00000000eab00000, 0x00000000f2080000, 0x0000000100000000)
  eden space 23040K, 2% used [0x00000000eab00000,0x00000000eab75dd0,0x00000000ec180000)
  from space 16896K, 24% used [0x00000000f0180000,0x00000000f059c5c8,0x00000000f1200000)
  to   space 8704K, 0% used [0x00000000f1800000,0x00000000f1800000,0x00000000f2080000)
 ParOldGen       total 440832K, used 440573K [0x00000000c0000000, 0x00000000dae80000, 0x00000000eab00000)
  object space 440832K, 99% used [0x00000000c0000000,0x00000000dae3f610,0x00000000dae80000)
 Metaspace       used 94898K, committed 96704K, reserved 1179648K
  class space    used 9123K, committed 9920K, reserved 1048576K
GC Heap History (20 events):
Event: 2813.431 GC heap before
{Heap before GC invocations=3470 (full 20):
 PSYoungGen      total 28672K, used 27833K [0x00000000eab00000, 0x00000000f3f00000, 0x0000000100000000)
  eden space 23040K, 96% used [0x00000000eab00000,0x00000000ec0b3f68,0x00000000ec180000)
  from space 5632K, 99% used [0x00000000f3980000,0x00000000f3efa798,0x00000000f3f00000)
  to   space 11264K, 0% used [0x00000000f2900000,0x00000000f2900000,0x00000000f3400000)
 ParOldGen       total 385536K, used 385169K [0x00000000c0000000, 0x00000000d7880000, 0x00000000eab00000)
  object space 385536K, 99% used [0x00000000c0000000,0x00000000d78245e8,0x00000000d7880000)
 Metaspace       used 94130K, committed 95872K, reserved 1179648K
  class space    used 9015K, committed 9792K, reserved 1048576K
}
Event: 2813.435 GC heap after
{Heap after GC invocations=3470 (full 20):
 PSYoungGen      total 34304K, used 2937K [0x00000000eab00000, 0x00000000f3a00000, 0x0000000100000000)
  eden space 23040K, 0% used [0x00000000eab00000,0x00000000eab00000,0x00000000ec180000)
  from space 11264K, 26% used [0x00000000f2900000,0x00000000f2bde640,0x00000000f3400000)
  to   space 6144K, 0% used [0x00000000f3400000,0x00000000f3400000,0x00000000f3a00000)
 ParOldGen       total 386048K, used 385653K [0x00000000c0000000, 0x00000000d7900000, 0x00000000eab00000)
  object space 386048K, 99% used [0x00000000c0000000,0x00000000d789d7e8,0x00000000d7900000)
 Metaspace       used 94130K, committed 95872K, reserved 1179648K
  class space    used 9015K, committed 9792K, reserved 1048576K
}
Event: 2816.600 GC heap before
{Heap before GC invocations=3471 (full 20):
 PSYoungGen      total 34304K, used 25827K [0x00000000eab00000, 0x00000000f3a00000, 0x0000000100000000)
  eden space 23040K, 99% used [0x00000000eab00000,0x00000000ec15a978,0x00000000ec180000)
  from space 11264K, 26% used [0x00000000f2900000,0x00000000f2bde640,0x00000000f3400000)
  to   space 6144K, 0% used [0x00000000f3400000,0x00000000f3400000,0x00000000f3a00000)
 ParOldGen       total 386048K, used 385653K [0x00000000c0000000, 0x00000000d7900000, 0x00000000eab00000)
  object space 386048K, 99% used [0x00000000c0000000,0x00000000d789d7e8,0x00000000d7900000)
 Metaspace       used 94130K, committed 95872K, reserved 1179648K
  class space    used 9015K, committed 9792K, reserved 1048576K
}
Event: 2816.604 GC heap after
{Heap after GC invocations=3471 (full 20):
 PSYoungGen      total 29184K, used 5820K [0x00000000eab00000, 0x00000000f3a00000, 0x0000000100000000)
  eden space 23040K, 0% used [0x00000000eab00000,0x00000000eab00000,0x00000000ec180000)
  from space 6144K, 94% used [0x00000000f3400000,0x00000000f39af080,0x00000000f3a00000)
  to   space 6656K, 0% used [0x00000000f2d00000,0x00000000f2d00000,0x00000000f3380000)
 ParOldGen       total 386048K, used 385653K [0x00000000c0000000, 0x00000000d7900000, 0x00000000eab00000)
  object space 386048K, 99% used [0x00000000c0000000,0x00000000d789d7e8,0x00000000d7900000)
 Metaspace       used 94130K, committed 95872K, reserved 1179648K
  class space    used 9015K, committed 9792K, reserved 1048576K
}
Event: 2819.140 GC heap before
{Heap before GC invocations=3472 (full 20):
 PSYoungGen      total 29184K, used 28860K [0x00000000eab00000, 0x00000000f3a00000, 0x0000000100000000)
  eden space 23040K, 100% used [0x00000000eab00000,0x00000000ec180000,0x00000000ec180000)
  from space 6144K, 94% used [0x00000000f3400000,0x00000000f39af080,0x00000000f3a00000)
  to   space 6656K, 0% used [0x00000000f2d00000,0x00000000f2d00000,0x00000000f3380000)
 ParOldGen       total 386048K, used 385653K [0x00000000c0000000, 0x00000000d7900000, 0x00000000eab00000)
  object space 386048K, 99% used [0x00000000c0000000,0x00000000d789d7e8,0x00000000d7900000)
 Metaspace       used 94130K, committed 95872K, reserved 1179648K
  class space    used 9015K, committed 9792K, reserved 1048576K
}
Event: 2819.144 GC heap after
{Heap after GC invocations=3472 (full 20):
 PSYoungGen      total 26624K, used 3353K [0x00000000eab00000, 0x00000000f3480000, 0x0000000100000000)
  eden space 23040K, 0% used [0x00000000eab00000,0x00000000eab00000,0x00000000ec180000)
  from space 3584K, 93% used [0x00000000f2d00000,0x00000000f3046660,0x00000000f3080000)
  to   space 4096K, 0% used [0x00000000f3080000,0x00000000f3080000,0x00000000f3480000)
 ParOldGen       total 386048K, used 385653K [0x00000000c0000000, 0x00000000d7900000, 0x00000000eab00000)
  object space 386048K, 99% used [0x00000000c0000000,0x00000000d789d7e8,0x00000000d7900000)
 Metaspace       used 94130K, committed 95872K, reserved 1179648K
  class space    used 9015K, committed 9792K, reserved 1048576K
}
Event: 2838.542 GC heap before
{Heap before GC invocations=3473 (full 20):
 PSYoungGen      total 26624K, used 26393K [0x00000000eab00000, 0x00000000f3480000, 0x0000000100000000)
  eden space 23040K, 100% used [0x00000000eab00000,0x00000000ec180000,0x00000000ec180000)
  from space 3584K, 93% used [0x00000000f2d00000,0x00000000f3046660,0x00000000f3080000)
  to   space 4096K, 0% used [0x00000000f3080000,0x00000000f3080000,0x00000000f3480000)
 ParOldGen       total 386048K, used 385653K [0x00000000c0000000, 0x00000000d7900000, 0x00000000eab00000)
  object space 386048K, 99% used [0x00000000c0000000,0x00000000d789d7e8,0x00000000d7900000)
 Metaspace       used 94170K, committed 95872K, reserved 1179648K
  class space    used 9021K, committed 9792K, reserved 1048576K
}
Event: 2838.560 GC heap after
{Heap after GC invocations=3473 (full 20):
 PSYoungGen      total 26112K, used 2805K [0x00000000eab00000, 0x00000000f3380000, 0x0000000100000000)
  eden space 23040K, 0% used [0x00000000eab00000,0x00000000eab00000,0x00000000ec180000)
  from space 3072K, 91% used [0x00000000f3080000,0x00000000f333d430,0x00000000f3380000)
  to   space 3584K, 0% used [0x00000000f2c80000,0x00000000f2c80000,0x00000000f3000000)
 ParOldGen       total 386048K, used 385653K [0x00000000c0000000, 0x00000000d7900000, 0x00000000eab00000)
  object space 386048K, 99% used [0x00000000c0000000,0x00000000d789d7e8,0x00000000d7900000)
 Metaspace       used 94170K, committed 95872K, reserved 1179648K
  class space    used 9021K, committed 9792K, reserved 1048576K
}
Event: 2839.339 GC heap before
{Heap before GC invocations=3474 (full 20):
 PSYoungGen      total 26112K, used 25845K [0x00000000eab00000, 0x00000000f3380000, 0x0000000100000000)
  eden space 23040K, 100% used [0x00000000eab00000,0x00000000ec180000,0x00000000ec180000)
  from space 3072K, 91% used [0x00000000f3080000,0x00000000f333d430,0x00000000f3380000)
  to   space 3584K, 0% used [0x00000000f2c80000,0x00000000f2c80000,0x00000000f3000000)
 ParOldGen       total 386048K, used 385653K [0x00000000c0000000, 0x00000000d7900000, 0x00000000eab00000)
  object space 386048K, 99% used [0x00000000c0000000,0x00000000d789d7e8,0x00000000d7900000)
 Metaspace       used 94678K, committed 96384K, reserved 1179648K
  class space    used 9107K, committed 9856K, reserved 1048576K
}
Event: 2839.344 GC heap after
{Heap after GC invocations=3474 (full 20):
 PSYoungGen      total 26624K, used 3566K [0x00000000eab00000, 0x00000000f3100000, 0x0000000100000000)
  eden space 23040K, 0% used [0x00000000eab00000,0x00000000eab00000,0x00000000ec180000)
  from space 3584K, 99% used [0x00000000f2c80000,0x00000000f2ffb840,0x00000000f3000000)
  to   space 1024K, 0% used [0x00000000f3000000,0x00000000f3000000,0x00000000f3100000)
 ParOldGen       total 386048K, used 385829K [0x00000000c0000000, 0x00000000d7900000, 0x00000000eab00000)
  object space 386048K, 99% used [0x00000000c0000000,0x00000000d78c97e8,0x00000000d7900000)
 Metaspace       used 94678K, committed 96384K, reserved 1179648K
  class space    used 9107K, committed 9856K, reserved 1048576K
}
Event: 2840.541 GC heap before
{Heap before GC invocations=3475 (full 20):
 PSYoungGen      total 26624K, used 26606K [0x00000000eab00000, 0x00000000f3100000, 0x0000000100000000)
  eden space 23040K, 100% used [0x00000000eab00000,0x00000000ec180000,0x00000000ec180000)
  from space 3584K, 99% used [0x00000000f2c80000,0x00000000f2ffb840,0x00000000f3000000)
  to   space 1024K, 0% used [0x00000000f3000000,0x00000000f3000000,0x00000000f3100000)
 ParOldGen       total 386048K, used 385829K [0x00000000c0000000, 0x00000000d7900000, 0x00000000eab00000)
  object space 386048K, 99% used [0x00000000c0000000,0x00000000d78c97e8,0x00000000d7900000)
 Metaspace       used 94735K, committed 96448K, reserved 1179648K
  class space    used 9111K, committed 9856K, reserved 1048576K
}
Event: 2840.551 GC heap after
{Heap after GC invocations=3475 (full 20):
 PSYoungGen      total 24064K, used 1018K [0x00000000eab00000, 0x00000000f3100000, 0x0000000100000000)
  eden space 23040K, 0% used [0x00000000eab00000,0x00000000eab00000,0x00000000ec180000)
  from space 1024K, 99% used [0x00000000f3000000,0x00000000f30fe900,0x00000000f3100000)
  to   space 15360K, 0% used [0x00000000f1300000,0x00000000f1300000,0x00000000f2200000)
 ParOldGen       total 398336K, used 398287K [0x00000000c0000000, 0x00000000d8500000, 0x00000000eab00000)
  object space 398336K, 99% used [0x00000000c0000000,0x00000000d84f3fd0,0x00000000d8500000)
 Metaspace       used 94735K, committed 96448K, reserved 1179648K
  class space    used 9111K, committed 9856K, reserved 1048576K
}
Event: 2840.668 GC heap before
{Heap before GC invocations=3476 (full 20):
 PSYoungGen      total 24064K, used 24008K [0x00000000eab00000, 0x00000000f3100000, 0x0000000100000000)
  eden space 23040K, 99% used [0x00000000eab00000,0x00000000ec173af0,0x00000000ec180000)
  from space 1024K, 99% used [0x00000000f3000000,0x00000000f30fe900,0x00000000f3100000)
  to   space 15360K, 0% used [0x00000000f1300000,0x00000000f1300000,0x00000000f2200000)
 ParOldGen       total 398336K, used 398287K [0x00000000c0000000, 0x00000000d8500000, 0x00000000eab00000)
  object space 398336K, 99% used [0x00000000c0000000,0x00000000d84f3fd0,0x00000000d8500000)
 Metaspace       used 94740K, committed 96448K, reserved 1179648K
  class space    used 9111K, committed 9856K, reserved 1048576K
}
Event: 2840.689 GC heap after
{Heap after GC invocations=3476 (full 20):
 PSYoungGen      total 38400K, used 15359K [0x00000000eab00000, 0x00000000f3080000, 0x0000000100000000)
  eden space 23040K, 0% used [0x00000000eab00000,0x00000000eab00000,0x00000000ec180000)
  from space 15360K, 99% used [0x00000000f1300000,0x00000000f21fff00,0x00000000f2200000)
  to   space 14848K, 0% used [0x00000000f2200000,0x00000000f2200000,0x00000000f3080000)
 ParOldGen       total 403456K, used 403103K [0x00000000c0000000, 0x00000000d8a00000, 0x00000000eab00000)
  object space 403456K, 99% used [0x00000000c0000000,0x00000000d89a7fd0,0x00000000d8a00000)
 Metaspace       used 94740K, committed 96448K, reserved 1179648K
  class space    used 9111K, committed 9856K, reserved 1048576K
}
Event: 2841.354 GC heap before
{Heap before GC invocations=3477 (full 20):
 PSYoungGen      total 38400K, used 38399K [0x00000000eab00000, 0x00000000f3080000, 0x0000000100000000)
  eden space 23040K, 100% used [0x00000000eab00000,0x00000000ec180000,0x00000000ec180000)
  from space 15360K, 99% used [0x00000000f1300000,0x00000000f21fff00,0x00000000f2200000)
  to   space 14848K, 0% used [0x00000000f2200000,0x00000000f2200000,0x00000000f3080000)
 ParOldGen       total 427008K, used 426143K [0x00000000c0000000, 0x00000000da100000, 0x00000000eab00000)
  object space 427008K, 99% used [0x00000000c0000000,0x00000000da027ff0,0x00000000da100000)
 Metaspace       used 94758K, committed 96448K, reserved 1179648K
  class space    used 9112K, committed 9856K, reserved 1048576K
}
Event: 2841.363 GC heap after
{Heap after GC invocations=3477 (full 20):
 PSYoungGen      total 37888K, used 14826K [0x00000000eab00000, 0x00000000f3080000, 0x0000000100000000)
  eden space 23040K, 0% used [0x00000000eab00000,0x00000000eab00000,0x00000000ec180000)
  from space 14848K, 99% used [0x00000000f2200000,0x00000000f307a900,0x00000000f3080000)
  to   space 16896K, 0% used [0x00000000f0f80000,0x00000000f0f80000,0x00000000f2000000)
 ParOldGen       total 427008K, used 426338K [0x00000000c0000000, 0x00000000da100000, 0x00000000eab00000)
  object space 427008K, 99% used [0x00000000c0000000,0x00000000da0588f0,0x00000000da100000)
 Metaspace       used 94758K, committed 96448K, reserved 1179648K
  class space    used 9112K, committed 9856K, reserved 1048576K
}
Event: 2847.481 GC heap before
{Heap before GC invocations=3478 (full 20):
 PSYoungGen      total 37888K, used 37866K [0x00000000eab00000, 0x00000000f3080000, 0x0000000100000000)
  eden space 23040K, 100% used [0x00000000eab00000,0x00000000ec180000,0x00000000ec180000)
  from space 14848K, 99% used [0x00000000f2200000,0x00000000f307a900,0x00000000f3080000)
  to   space 16896K, 0% used [0x00000000f0f80000,0x00000000f0f80000,0x00000000f2000000)
 ParOldGen       total 427008K, used 426338K [0x00000000c0000000, 0x00000000da100000, 0x00000000eab00000)
  object space 427008K, 99% used [0x00000000c0000000,0x00000000da0588f0,0x00000000da100000)
 Metaspace       used 94842K, committed 96640K, reserved 1179648K
  class space    used 9117K, committed 9920K, reserved 1048576K
}
Event: 2847.490 GC heap after
{Heap after GC invocations=3478 (full 20):
 PSYoungGen      total 39936K, used 16895K [0x00000000eab00000, 0x00000000f2280000, 0x0000000100000000)
  eden space 23040K, 0% used [0x00000000eab00000,0x00000000eab00000,0x00000000ec180000)
  from space 16896K, 99% used [0x00000000f0f80000,0x00000000f1fffd20,0x00000000f2000000)
  to   space 2560K, 0% used [0x00000000f2000000,0x00000000f2000000,0x00000000f2280000)
 ParOldGen       total 428032K, used 427642K [0x00000000c0000000, 0x00000000da200000, 0x00000000eab00000)
  object space 428032K, 99% used [0x00000000c0000000,0x00000000da19e8f0,0x00000000da200000)
 Metaspace       used 94842K, committed 96640K, reserved 1179648K
  class space    used 9117K, committed 9920K, reserved 1048576K
}
Event: 2847.615 GC heap before
{Heap before GC invocations=3479 (full 20):
 PSYoungGen      total 39936K, used 39935K [0x00000000eab00000, 0x00000000f2280000, 0x0000000100000000)
  eden space 23040K, 100% used [0x00000000eab00000,0x00000000ec180000,0x00000000ec180000)
  from space 16896K, 99% used [0x00000000f0f80000,0x00000000f1fffd20,0x00000000f2000000)
  to   space 2560K, 0% used [0x00000000f2000000,0x00000000f2000000,0x00000000f2280000)
 ParOldGen       total 428032K, used 427642K [0x00000000c0000000, 0x00000000da200000, 0x00000000eab00000)
  object space 428032K, 99% used [0x00000000c0000000,0x00000000da19e8f0,0x00000000da200000)
 Metaspace       used 94872K, committed 96640K, reserved 1179648K
  class space    used 9121K, committed 9920K, reserved 1048576K
}
Event: 2847.621 GC heap after
{Heap after GC invocations=3479 (full 20):
 PSYoungGen      total 25600K, used 2551K [0x00000000eab00000, 0x00000000f2280000, 0x0000000100000000)
  eden space 23040K, 0% used [0x00000000eab00000,0x00000000eab00000,0x00000000ec180000)
  from space 2560K, 99% used [0x00000000f2000000,0x00000000f227dc08,0x00000000f2280000)
  to   space 16896K, 0% used [0x00000000f0180000,0x00000000f0180000,0x00000000f1200000)
 ParOldGen       total 440832K, used 440573K [0x00000000c0000000, 0x00000000dae80000, 0x00000000eab00000)
  object space 440832K, 99% used [0x00000000c0000000,0x00000000dae3f610,0x00000000dae80000)
 Metaspace       used 94872K, committed 96640K, reserved 1179648K
  class space    used 9121K, committed 9920K, reserved 1048576K
}

